#
# There is insufficient memory for the Java Runtime Environment to continue.
# Native memory allocation (mmap) failed to map 14680064 bytes for committing reserved memory.
# Possible reasons:
#   The system is out of physical RAM or swap space
#   The process is running with CompressedOops enabled, and the Java Heap may be blocking the growth of the native heap
# Possible solutions:
#   Reduce memory load on the system
#   Increase physical memory or swap space
#   Check if swap backing store is full
#   Decrease Java heap size (-Xmx/-Xms)
#   Decrease number of Java threads
#   Decrease Java thread stack sizes (-Xss)
#   Set larger code cache with -XX:ReservedCodeCacheSize=
#   JVM is running with Unscaled Compressed Oops mode in which the Java heap is
#     placed in the first 4GB address space. The Java Heap base address is the
#     maximum limit for the native heap growth. Please use -XX:HeapBaseMinAddress
#     to set the Java Heap base and to place the Java Heap above 4GB virtual address.
# This output file may be truncated or incomplete.
#
#  Out of Memory Error (os_linux.cpp:2893), pid=9990, tid=10000
#
# JRE version: OpenJDK Runtime Environment (11.0.4+11) (build 11.0.4+11-post-Ubuntu-1ubuntu218.04.3)
# Java VM: OpenJDK 64-Bit Server VM (11.0.4+11-post-Ubuntu-1ubuntu218.04.3, mixed mode, sharing, tiered, compressed oops, g1 gc, linux-amd64)
# Core dump will be written. Default location: Core dumps may be processed with "/usr/share/apport/apport %p %s %c %d %P" (or dumping to /home/esther/IdeaProjects/ceaser/core.9990)
#

---------------  S U M M A R Y ------------

Command Line: --add-opens=java.base/java.util=ALL-UNNAMED --add-opens=java.base/java.lang=ALL-UNNAMED --add-opens=java.base/java.lang.invoke=ALL-UNNAMED --add-opens=java.prefs/java.util.prefs=ALL-UNNAMED -XX:MaxMetaspaceSize=256m -XX:+HeapDumpOnOutOfMemoryError -Xmx512m -Dfile.encoding=UTF-8 -Duser.country=US -Duser.language=en -Duser.variant org.gradle.launcher.daemon.bootstrap.GradleDaemon 5.2.1

Host: Intel(R) Core(TM) i3-4010U CPU @ 1.70GHz, 4 cores, 3G, Ubuntu 18.04.3 LTS
Time: Sat Sep  7 17:49:58 2019 CAT elapsed time: 1270 seconds (0d 0h 21m 10s)

---------------  T H R E A D  ---------------

Current thread (0x00007f45d00b8000):  VMThread "VM Thread" [stack: 0x00007f45b8652000,0x00007f45b8752000] [id=10000]

Stack: [0x00007f45b8652000,0x00007f45b8752000],  sp=0x00007f45b874fff0,  free space=1015k
Native frames: (J=compiled Java code, A=aot compiled Java code, j=interpreted, Vv=VM code, C=native code)
V  [libjvm.so+0xde4547]
V  [libjvm.so+0xde519b]
V  [libjvm.so+0x6511a5]
V  [libjvm.so+0xbbed38]
V  [libjvm.so+0xbb5ebd]
V  [libjvm.so+0x76f53f]
V  [libjvm.so+0x76f7ae]
V  [libjvm.so+0x77b820]
V  [libjvm.so+0x7f6969]
V  [libjvm.so+0x7f75c2]
V  [libjvm.so+0x7f7a29]
V  [libjvm.so+0x72de6f]
V  [libjvm.so+0x732b6a]
V  [libjvm.so+0xdf01e1]
V  [libjvm.so+0xdeeda8]
V  [libjvm.so+0xdec5e6]
V  [libjvm.so+0xdecaf0]
V  [libjvm.so+0xdecf23]
V  [libjvm.so+0xd7aeea]
V  [libjvm.so+0xbc4a5e]

VM_Operation (0x00007f45734ee5a0): G1CollectForAllocation, mode: safepoint, requested by thread 0x00007f4554016800


---------------  P R O C E S S  ---------------

Threads class SMR info:
_java_thread_list=0x00007f4598009c90, length=41, elements={
0x00007f45d0012000, 0x00007f45d00ba800, 0x00007f45d00bc800, 0x00007f45d00c3000,
0x00007f45d00c5800, 0x00007f45d00c7800, 0x00007f45d00c9800, 0x00007f45d00fe800,
0x00007f45d0101800, 0x00007f45d1119800, 0x00007f45d114d000, 0x00007f456c016000,
0x00007f4568003800, 0x00007f4568006000, 0x00007f4568008000, 0x00007f455400b800,
0x00007f455400d800, 0x00007f4554016800, 0x00007f45540f5000, 0x00007f45540f9000,
0x00007f45540fc800, 0x00007f45543bd000, 0x00007f45542a4800, 0x00007f4554302800,
0x00007f45542c8800, 0x00007f455439d000, 0x00007f4554afc800, 0x00007f4554abf000,
0x00007f4554b07800, 0x00007f4554b11000, 0x00007f4554b12800, 0x00007f4554b14800,
0x00007f4558012000, 0x00007f4558038800, 0x00007f4558051800, 0x00007f456c01f000,
0x00007f45582ca000, 0x00007f457c004800, 0x00007f457c006000, 0x00007f457c008000,
0x00007f457c009800
}

Java Threads: ( => current thread )
  0x00007f45d0012000 JavaThread "main" [_thread_blocked, id=9994, stack(0x00007f45d9dda000,0x00007f45d9edb000)]
  0x00007f45d00ba800 JavaThread "Reference Handler" daemon [_thread_blocked, id=10001, stack(0x00007f45b854f000,0x00007f45b8650000)]
  0x00007f45d00bc800 JavaThread "Finalizer" daemon [_thread_blocked, id=10002, stack(0x00007f45b844e000,0x00007f45b854f000)]
  0x00007f45d00c3000 JavaThread "Signal Dispatcher" daemon [_thread_blocked, id=10003, stack(0x00007f45b834d000,0x00007f45b844e000)]
  0x00007f45d00c5800 JavaThread "C2 CompilerThread0" daemon [_thread_blocked, id=10004, stack(0x00007f45b824c000,0x00007f45b834d000)]
  0x00007f45d00c7800 JavaThread "C1 CompilerThread0" daemon [_thread_blocked, id=10005, stack(0x00007f45b814b000,0x00007f45b824c000)]
  0x00007f45d00c9800 JavaThread "Sweeper thread" daemon [_thread_blocked, id=10006, stack(0x00007f45b804a000,0x00007f45b814b000)]
  0x00007f45d00fe800 JavaThread "Common-Cleaner" daemon [_thread_blocked, id=10007, stack(0x00007f45a8d2f000,0x00007f45a8e30000)]
  0x00007f45d0101800 JavaThread "Service Thread" daemon [_thread_blocked, id=10008, stack(0x00007f45a8c2e000,0x00007f45a8d2f000)]
  0x00007f45d1119800 JavaThread "Incoming local TCP Connector on port 36043" [_thread_in_native, id=10011, stack(0x00007f45a80f6000,0x00007f45a81f7000)]
  0x00007f45d114d000 JavaThread "Daemon periodic checks" [_thread_blocked, id=10012, stack(0x00007f4573af6000,0x00007f4573bf7000)]
  0x00007f456c016000 JavaThread "Daemon" [_thread_blocked, id=10013, stack(0x00007f45739f5000,0x00007f4573af6000)]
  0x00007f4568003800 JavaThread "Handler for socket connection from /127.0.0.1:36043 to /127.0.0.1:44874" [_thread_in_native, id=10014, stack(0x00007f45738f4000,0x00007f45739f5000)]
  0x00007f4568006000 JavaThread "Cancel handler" [_thread_blocked, id=10015, stack(0x00007f45737f3000,0x00007f45738f4000)]
  0x00007f4568008000 JavaThread "Daemon worker" [_thread_blocked, id=10016, stack(0x00007f45736f2000,0x00007f45737f3000)]
  0x00007f455400b800 JavaThread "Asynchronous log dispatcher for DefaultDaemonConnection: socket connection from /127.0.0.1:36043 to /127.0.0.1:44874" [_thread_blocked, id=10019, stack(0x00007f45735f1000,0x00007f45736f2000)]
  0x00007f455400d800 JavaThread "Stdin handler" [_thread_blocked, id=10020, stack(0x00007f45734f0000,0x00007f45735f1000)]
  0x00007f4554016800 JavaThread "Thread-7" [_thread_blocked, id=10021, stack(0x00007f45733ef000,0x00007f45734f0000)]
  0x00007f45540f5000 JavaThread "Cache worker for file hash cache (/home/esther/.gradle/caches/5.2.1/fileHashes)" [_thread_blocked, id=10024, stack(0x00007f4572eea000,0x00007f4572feb000)]
  0x00007f45540f9000 JavaThread "File lock request listener" [_thread_in_native, id=10025, stack(0x00007f4572de9000,0x00007f4572eea000)]
  0x00007f45540fc800 JavaThread "Cache worker for journal cache (/home/esther/.gradle/caches/journal-1)" [_thread_blocked, id=10026, stack(0x00007f4572ce8000,0x00007f4572de9000)]
  0x00007f45543bd000 JavaThread "Cache worker for file hash cache (/home/esther/IdeaProjects/ceaser/.gradle/5.2.1/fileHashes)" [_thread_blocked, id=10027, stack(0x00007f45727e7000,0x00007f45728e8000)]
  0x00007f45542a4800 JavaThread "Cache worker for cache directory md-supplier (/home/esther/.gradle/caches/5.2.1/md-supplier)" [_thread_blocked, id=10030, stack(0x00007f4571ae6000,0x00007f4571be7000)]
  0x00007f4554302800 JavaThread "Cache worker for cache directory md-rule (/home/esther/.gradle/caches/5.2.1/md-rule)" [_thread_blocked, id=10031, stack(0x00007f45719e5000,0x00007f4571ae6000)]
  0x00007f45542c8800 JavaThread "Cache worker for Build Output Cleanup Cache (/home/esther/IdeaProjects/ceaser/.gradle/buildOutputCleanup)" [_thread_blocked, id=10032, stack(0x00007f45718e4000,0x00007f45719e5000)]
  0x00007f455439d000 JavaThread "Cache worker for execution history cache (/home/esther/.gradle/caches/5.2.1/executionHistory)" [_thread_blocked, id=10033, stack(0x00007f45717e3000,0x00007f45718e4000)]
  0x00007f4554afc800 JavaThread "Memory manager" [_thread_blocked, id=10034, stack(0x00007f45714e2000,0x00007f45715e3000)]
  0x00007f4554abf000 JavaThread "Cache worker for file content cache (/home/esther/.gradle/caches/5.2.1/fileContent)" [_thread_blocked, id=10035, stack(0x00007f45713e1000,0x00007f45714e2000)]
  0x00007f4554b07800 JavaThread "Cache worker for file content cache (/home/esther/IdeaProjects/ceaser/.gradle/5.2.1/fileContent)" [_thread_blocked, id=10036, stack(0x00007f45712e0000,0x00007f45713e1000)]
  0x00007f4554b11000 JavaThread "Execution worker for ':'" [_thread_blocked, id=10037, stack(0x00007f45711df000,0x00007f45712e0000)]
  0x00007f4554b12800 JavaThread "Execution worker for ':' Thread 2" [_thread_blocked, id=10038, stack(0x00007f45710de000,0x00007f45711df000)]
  0x00007f4554b14800 JavaThread "Execution worker for ':' Thread 3" [_thread_blocked, id=10039, stack(0x00007f4570fdd000,0x00007f45710de000)]
  0x00007f4558012000 JavaThread "Cache worker for execution history cache (/home/esther/IdeaProjects/ceaser/.gradle/5.2.1/executionHistory)" [_thread_blocked, id=10040, stack(0x00007f4570cdc000,0x00007f4570ddd000)]
  0x00007f4558038800 JavaThread "Cache worker for Java compile cache (/home/esther/.gradle/caches/5.2.1/javaCompile)" [_thread_blocked, id=10042, stack(0x00007f4570bdb000,0x00007f4570cdc000)]
  0x00007f4558051800 JavaThread "Cache worker for Java compile cache (/home/esther/IdeaProjects/ceaser/.gradle/5.2.1/javaCompile)" [_thread_blocked, id=10043, stack(0x00007f4570ada000,0x00007f4570bdb000)]
  0x00007f456c01f000 JavaThread "process reaper" daemon [_thread_in_native, id=10046, stack(0x00007f45d401c000,0x00007f45d403e000)]
  0x00007f45582ca000 JavaThread "Exec process" [_thread_blocked, id=10064, stack(0x00007f453bdfe000,0x00007f453beff000)]
  0x00007f457c004800 JavaThread "DisconnectableInputStream source reader" daemon [_thread_blocked, id=10066, stack(0x00007f453bcfd000,0x00007f453bdfe000)]
  0x00007f457c006000 JavaThread "Exec process Thread 2" [_thread_blocked, id=10067, stack(0x00007f453bbfc000,0x00007f453bcfd000)]
  0x00007f457c008000 JavaThread "Exec process Thread 3" [_thread_in_native, id=10068, stack(0x00007f453bafb000,0x00007f453bbfc000)]
  0x00007f457c009800 JavaThread "Exec process Thread 4" [_thread_in_native, id=10069, stack(0x00007f453b9fa000,0x00007f453bafb000)]

Other Threads:
=>0x00007f45d00b8000 VMThread "VM Thread" [stack: 0x00007f45b8652000,0x00007f45b8752000] [id=10000]
  0x00007f45d0104000 WatcherThread [stack: 0x00007f45a8b2e000,0x00007f45a8c2e000] [id=10009]
  0x00007f45d0028800 GCTaskThread "GC Thread#0" [stack: 0x00007f45d5dcd000,0x00007f45d5ecd000] [id=9995]
  0x00007f45a0001000 GCTaskThread "GC Thread#1" [stack: 0x00007f45a83fe000,0x00007f45a84fe000] [id=10010]
  0x00007f45a0004000 GCTaskThread "GC Thread#2" [stack: 0x00007f45730ef000,0x00007f45731ef000] [id=10022]
  0x00007f45a0005800 GCTaskThread "GC Thread#3" [stack: 0x00007f4572fed000,0x00007f45730ed000] [id=10023]
  0x00007f45d0039000 ConcurrentGCThread "G1 Main Marker" [stack: 0x00007f45d45c7000,0x00007f45d46c7000] [id=9996]
  0x00007f45d003a800 ConcurrentGCThread "G1 Conc#0" [stack: 0x00007f45d44c5000,0x00007f45d45c5000] [id=9997]
  0x00007f45d007d800 ConcurrentGCThread "G1 Refine#0" [stack: 0x00007f45b8856000,0x00007f45b8956000] [id=9998]
  0x00007f45d007f000 ConcurrentGCThread "G1 Young RemSet Sampling" [stack: 0x00007f45b8754000,0x00007f45b8854000] [id=9999]

Threads with active compile tasks:
C2 CompilerThread04099 %     4       org.gradle.launcher.daemon.server.exec.DaemonConnectionBackedEventConsumer$ForwardEvents::run @ 0 (25 bytes)
C1 CompilerThread04105       3       com.google.common.io.ByteSource::<init> (5 bytes)

VM state:at safepoint (normal execution)

VM Mutex/Monitor currently owned by a thread:  ([mutex/lock_event])
[0x00007f45d000e390] Threads_lock - owner thread: 0x00007f45d00b8000
[0x00007f45d000eae0] Heap_lock - owner thread: 0x00007f4554016800

Heap address: 0x00000000e0000000, size: 512 MB, Compressed Oops mode: 32-bit
Narrow klass base: 0x0000000800000000, Narrow klass shift: 3
Compressed class space size: 260046848 Address: 0x0000000840000000

Heap:
 garbage-first heap   total 79872K, used 32272K [0x00000000e0000000, 0x0000000100000000)
  region size 1024K, 1 young (1024K), 1 survivors (1024K)
 Metaspace       used 42355K, capacity 43068K, committed 44076K, reserved 292864K
  class space    used 5852K, capacity 6074K, committed 6272K, reserved 253952K
Heap Regions: E=young(eden), S=young(survivor), O=old, HS=humongous(starts), HC=humongous(continues), CS=collection set, F=free, A=archive, TAMS=top-at-mark-start (previous, next)
|   0|0x00000000e0000000, 0x00000000e0100000, 0x00000000e0100000|100%|HS|  |TAMS 0x00000000e0100000, 0x00000000e0000000| Complete 
|   1|0x00000000e0100000, 0x00000000e0200000, 0x00000000e0200000|100%|HS|  |TAMS 0x00000000e0200000, 0x00000000e0100000| Complete 
|   2|0x00000000e0200000, 0x00000000e0300000, 0x00000000e0300000|100%|HC|  |TAMS 0x00000000e0300000, 0x00000000e0200000| Complete 
|   3|0x00000000e0300000, 0x00000000e0400000, 0x00000000e0400000|100%| O|  |TAMS 0x00000000e0400000, 0x00000000e0300000| Untracked 
|   4|0x00000000e0400000, 0x00000000e0500000, 0x00000000e0500000|100%| O|  |TAMS 0x00000000e0500000, 0x00000000e0400000| Complete 
|   5|0x00000000e0500000, 0x00000000e0600000, 0x00000000e0600000|100%| O|  |TAMS 0x00000000e0600000, 0x00000000e0500000| Untracked 
|   6|0x00000000e0600000, 0x00000000e0700000, 0x00000000e0700000|100%| O|  |TAMS 0x00000000e0700000, 0x00000000e0600000| Untracked 
|   7|0x00000000e0700000, 0x00000000e0800000, 0x00000000e0800000|100%| O|  |TAMS 0x00000000e0800000, 0x00000000e0700000| Untracked 
|   8|0x00000000e0800000, 0x00000000e0900000, 0x00000000e0900000|100%| O|  |TAMS 0x00000000e0900000, 0x00000000e0800000| Complete 
|   9|0x00000000e0900000, 0x00000000e0a00000, 0x00000000e0a00000|100%| O|  |TAMS 0x00000000e0a00000, 0x00000000e0900000| Untracked 
|  10|0x00000000e0a00000, 0x00000000e0b00000, 0x00000000e0b00000|100%| O|  |TAMS 0x00000000e0b00000, 0x00000000e0a00000| Untracked 
|  11|0x00000000e0b00000, 0x00000000e0c00000, 0x00000000e0c00000|100%| O|  |TAMS 0x00000000e0c00000, 0x00000000e0b00000| Complete 
|  12|0x00000000e0c00000, 0x00000000e0d00000, 0x00000000e0d00000|100%| O|  |TAMS 0x00000000e0d00000, 0x00000000e0c00000| Complete 
|  13|0x00000000e0d00000, 0x00000000e0e00000, 0x00000000e0e00000|100%| O|  |TAMS 0x00000000e0e00000, 0x00000000e0d00000| Complete 
|  14|0x00000000e0e00000, 0x00000000e0f00000, 0x00000000e0f00000|100%| O|  |TAMS 0x00000000e0f00000, 0x00000000e0e00000| Complete 
|  15|0x00000000e0f00000, 0x00000000e1000000, 0x00000000e1000000|100%| O|  |TAMS 0x00000000e1000000, 0x00000000e0f00000| Complete 
|  16|0x00000000e1000000, 0x00000000e1100000, 0x00000000e1100000|100%| O|  |TAMS 0x00000000e1100000, 0x00000000e1000000| Complete 
|  17|0x00000000e1100000, 0x00000000e1200000, 0x00000000e1200000|100%| O|  |TAMS 0x00000000e1200000, 0x00000000e1100000| Complete 
|  18|0x00000000e1200000, 0x00000000e1300000, 0x00000000e1300000|100%| O|  |TAMS 0x00000000e1300000, 0x00000000e1200000| Complete 
|  19|0x00000000e1300000, 0x00000000e1400000, 0x00000000e1400000|100%| O|  |TAMS 0x00000000e1400000, 0x00000000e1300000| Complete 
|  20|0x00000000e1400000, 0x00000000e1500000, 0x00000000e1500000|100%| O|  |TAMS 0x00000000e1500000, 0x00000000e1400000| Complete 
|  21|0x00000000e1500000, 0x00000000e1600000, 0x00000000e1600000|100%| O|  |TAMS 0x00000000e1600000, 0x00000000e1500000| Complete 
|  22|0x00000000e1600000, 0x00000000e1700000, 0x00000000e1700000|100%| O|  |TAMS 0x00000000e1700000, 0x00000000e1600000| Complete 
|  23|0x00000000e1700000, 0x00000000e1800000, 0x00000000e1800000|100%| O|  |TAMS 0x00000000e1800000, 0x00000000e1700000| Complete 
|  24|0x00000000e1800000, 0x00000000e1900000, 0x00000000e1900000|100%| O|  |TAMS 0x00000000e1900000, 0x00000000e1800000| Complete 
|  25|0x00000000e1900000, 0x00000000e1a00000, 0x00000000e1a00000|100%| O|  |TAMS 0x00000000e1a00000, 0x00000000e1900000| Complete 
|  26|0x00000000e1a00000, 0x00000000e1b00000, 0x00000000e1b00000|100%| O|  |TAMS 0x00000000e1b00000, 0x00000000e1a00000| Complete 
|  27|0x00000000e1b00000, 0x00000000e1c00000, 0x00000000e1c00000|100%| O|  |TAMS 0x00000000e1c00000, 0x00000000e1b00000| Complete 
|  28|0x00000000e1c00000, 0x00000000e1d00000, 0x00000000e1d00000|100%| O|  |TAMS 0x00000000e1d00000, 0x00000000e1c00000| Complete 
|  29|0x00000000e1d00000, 0x00000000e1e00000, 0x00000000e1e00000|100%| O|  |TAMS 0x00000000e1e00000, 0x00000000e1d00000| Complete 
|  30|0x00000000e1e00000, 0x00000000e1ed9c00, 0x00000000e1f00000| 85%| O|  |TAMS 0x00000000e1ed9c00, 0x00000000e1e00000| Untracked 
|  31|0x00000000e1f00000, 0x00000000e1f00000, 0x00000000e2000000|  0%| F|  |TAMS 0x00000000e1f00000, 0x00000000e1f00000| Untracked 
|  32|0x00000000e2000000, 0x00000000e2000000, 0x00000000e2100000|  0%| F|  |TAMS 0x00000000e2000000, 0x00000000e2000000| Untracked 
|  33|0x00000000e2100000, 0x00000000e2100000, 0x00000000e2200000|  0%| F|  |TAMS 0x00000000e2100000, 0x00000000e2100000| Untracked 
|  34|0x00000000e2200000, 0x00000000e2200000, 0x00000000e2300000|  0%| F|  |TAMS 0x00000000e2200000, 0x00000000e2200000| Untracked 
|  35|0x00000000e2300000, 0x00000000e2300000, 0x00000000e2400000|  0%| F|  |TAMS 0x00000000e2300000, 0x00000000e2300000| Untracked 
|  36|0x00000000e2400000, 0x00000000e2400000, 0x00000000e2500000|  0%| F|  |TAMS 0x00000000e2400000, 0x00000000e2400000| Untracked 
|  37|0x00000000e2500000, 0x00000000e2500000, 0x00000000e2600000|  0%| F|  |TAMS 0x00000000e2500000, 0x00000000e2500000| Untracked 
|  38|0x00000000e2600000, 0x00000000e2600000, 0x00000000e2700000|  0%| F|  |TAMS 0x00000000e2600000, 0x00000000e2600000| Untracked 
|  39|0x00000000e2700000, 0x00000000e2700000, 0x00000000e2800000|  0%| F|  |TAMS 0x00000000e2700000, 0x00000000e2700000| Untracked 
|  40|0x00000000e2800000, 0x00000000e2800000, 0x00000000e2900000|  0%| F|  |TAMS 0x00000000e2800000, 0x00000000e2800000| Untracked 
|  41|0x00000000e2900000, 0x00000000e2900000, 0x00000000e2a00000|  0%| F|  |TAMS 0x00000000e2900000, 0x00000000e2900000| Untracked 
|  42|0x00000000e2a00000, 0x00000000e2a00000, 0x00000000e2b00000|  0%| F|  |TAMS 0x00000000e2a00000, 0x00000000e2a00000| Untracked 
|  43|0x00000000e2b00000, 0x00000000e2b00000, 0x00000000e2c00000|  0%| F|  |TAMS 0x00000000e2b00000, 0x00000000e2b00000| Untracked 
|  44|0x00000000e2c00000, 0x00000000e2c00000, 0x00000000e2d00000|  0%| F|  |TAMS 0x00000000e2c00000, 0x00000000e2c00000| Untracked 
|  45|0x00000000e2d00000, 0x00000000e2d00000, 0x00000000e2e00000|  0%| F|  |TAMS 0x00000000e2d00000, 0x00000000e2d00000| Untracked 
|  46|0x00000000e2e00000, 0x00000000e2e00000, 0x00000000e2f00000|  0%| F|  |TAMS 0x00000000e2e00000, 0x00000000e2e00000| Untracked 
|  47|0x00000000e2f00000, 0x00000000e2f00000, 0x00000000e3000000|  0%| F|  |TAMS 0x00000000e2f00000, 0x00000000e2f00000| Untracked 
|  48|0x00000000e3000000, 0x00000000e3000000, 0x00000000e3100000|  0%| F|  |TAMS 0x00000000e3000000, 0x00000000e3000000| Untracked 
|  49|0x00000000e3100000, 0x00000000e3100000, 0x00000000e3200000|  0%| F|  |TAMS 0x00000000e3100000, 0x00000000e3100000| Untracked 
|  50|0x00000000e3200000, 0x00000000e3200000, 0x00000000e3300000|  0%| F|  |TAMS 0x00000000e3200000, 0x00000000e3200000| Untracked 
|  51|0x00000000e3300000, 0x00000000e3300000, 0x00000000e3400000|  0%| F|  |TAMS 0x00000000e3300000, 0x00000000e3300000| Untracked 
|  52|0x00000000e3400000, 0x00000000e3400000, 0x00000000e3500000|  0%| F|  |TAMS 0x00000000e3400000, 0x00000000e3400000| Untracked 
|  53|0x00000000e3500000, 0x00000000e3500000, 0x00000000e3600000|  0%| F|  |TAMS 0x00000000e3500000, 0x00000000e3500000| Untracked 
|  54|0x00000000e3600000, 0x00000000e3600000, 0x00000000e3700000|  0%| F|  |TAMS 0x00000000e3600000, 0x00000000e3600000| Untracked 
|  55|0x00000000e3700000, 0x00000000e3700000, 0x00000000e3800000|  0%| F|  |TAMS 0x00000000e3700000, 0x00000000e3700000| Untracked 
|  56|0x00000000e3800000, 0x00000000e3800000, 0x00000000e3900000|  0%| F|  |TAMS 0x00000000e3800000, 0x00000000e3800000| Untracked 
|  57|0x00000000e3900000, 0x00000000e3900000, 0x00000000e3a00000|  0%| F|  |TAMS 0x00000000e3900000, 0x00000000e3900000| Untracked 
|  58|0x00000000e3a00000, 0x00000000e3a0c558, 0x00000000e3b00000|  4%| S|CS|TAMS 0x00000000e3a00000, 0x00000000e3a00000| Complete 
|  59|0x00000000e3b00000, 0x00000000e3b00000, 0x00000000e3c00000|  0%| F|  |TAMS 0x00000000e3b00000, 0x00000000e3b00000| Untracked 
|  60|0x00000000e3c00000, 0x00000000e3c00000, 0x00000000e3d00000|  0%| F|  |TAMS 0x00000000e3c00000, 0x00000000e3c00000| Untracked 
|  61|0x00000000e3d00000, 0x00000000e3d00000, 0x00000000e3e00000|  0%| F|  |TAMS 0x00000000e3d00000, 0x00000000e3d00000| Untracked 
| 510|0x00000000ffe00000, 0x00000000ffe34000, 0x00000000fff00000| 20%|OA|  |TAMS 0x00000000ffe34000, 0x00000000ffe00000| Untracked 
| 511|0x00000000fff00000, 0x00000000fff6a000, 0x0000000100000000| 41%|CA|  |TAMS 0x00000000fff6a000, 0x00000000fff00000| Untracked 

Card table byte_map: [0x00007f45d57c7000,0x00007f45d58c7000] _byte_map_base: 0x00007f45d50c7000

Marking Bits (Prev, Next): (CMBitMap*) 0x00007f45d00360a8, (CMBitMap*) 0x00007f45d00360e0
 Prev Bits: [0x00007f45d4ec7000, 0x00007f45d56c7000)
 Next Bits: [0x00007f45d46c7000, 0x00007f45d4ec7000)

Polling page: 0x00007f45d9ef0000

Metaspace:

Usage:
  Non-class:     36,13 MB capacity,    35,65 MB ( 99%) used,   421,95 KB (  1%) free+waste,    69,25 KB ( <1%) overhead. 
      Class:      5,93 MB capacity,     5,72 MB ( 96%) used,   188,95 KB (  3%) free+waste,    32,06 KB ( <1%) overhead. 
       Both:     42,06 MB capacity,    41,36 MB ( 98%) used,   610,90 KB (  1%) free+waste,   101,31 KB ( <1%) overhead. 

Virtual space:
  Non-class space:       38,00 MB reserved,      36,92 MB ( 97%) committed 
      Class space:      248,00 MB reserved,       6,12 MB (  2%) committed 
             Both:      286,00 MB reserved,      43,04 MB ( 15%) committed 

Chunk freelists:
   Non-Class:  578,00 KB
       Class:  124,00 KB
        Both:  702,00 KB

CodeHeap 'non-profiled nmethods': size=120032Kb used=1957Kb max_used=1957Kb free=118075Kb
 bounds [0x00007f45c041e000, 0x00007f45c068e000, 0x00007f45c7956000]
CodeHeap 'profiled nmethods': size=120032Kb used=8722Kb max_used=8722Kb free=111309Kb
 bounds [0x00007f45b8ee6000, 0x00007f45b9776000, 0x00007f45c041e000]
CodeHeap 'non-nmethods': size=5696Kb used=2219Kb max_used=2243Kb free=3476Kb
 bounds [0x00007f45b8956000, 0x00007f45b8bc6000, 0x00007f45b8ee6000]
 total_blobs=5754 nmethods=3892 adapters=700
 compilation: enabled
              stopped_count=0, restarted_count=0
 full_count=0

Compilation events (10 events):
Event: 1221,680 Thread 0x00007f45d00c7800 nmethod 4098 0x00007f45b976be90 code [0x00007f45b976c080, 0x00007f45b976c5a8]
Event: 1233,161 Thread 0x00007f45d00c7800 4100       3       java.nio.CharBuffer::allocate (19 bytes)
Event: 1241,624 Thread 0x00007f45d00c7800 nmethod 4100 0x00007f45b976c710 code [0x00007f45b976c900, 0x00007f45b976cd78]
Event: 1242,721 Thread 0x00007f45d00c7800 4101       3       java.nio.HeapCharBuffer::<init> (20 bytes)
Event: 1244,123 Thread 0x00007f45d00c7800 nmethod 4101 0x00007f45b976cf10 code [0x00007f45b976d0e0, 0x00007f45b976d428]
Event: 1244,137 Thread 0x00007f45d00c5800 nmethod 4096 0x00007f45c0606d10 code [0x00007f45c0606ec0, 0x00007f45c06071a8]
Event: 1244,803 Thread 0x00007f45d00c5800 4099 %     4       org.gradle.launcher.daemon.server.exec.DaemonConnectionBackedEventConsumer$ForwardEvents::run @ 0 (25 bytes)
Event: 1244,805 Thread 0x00007f45d00c7800 4104       3       org.gradle.cache.internal.filelock.LockFileAccess::readLockState (12 bytes)
Event: 1260,631 Thread 0x00007f45d00c7800 nmethod 4104 0x00007f45b976d590 code [0x00007f45b976d760, 0x00007f45b976d928]
Event: 1263,668 Thread 0x00007f45d00c7800 4105       3       com.google.common.io.ByteSource::<init> (5 bytes)

GC Heap History (10 events):
Event: 11,980 GC heap after
{Heap after GC invocations=14 (full 0):
 garbage-first heap   total 65536K, used 26805K [0x00000000e0000000, 0x0000000100000000)
  region size 1024K, 4 young (4096K), 4 survivors (4096K)
 Metaspace       used 33339K, capacity 34070K, committed 34688K, reserved 284672K
  class space    used 4731K, capacity 4970K, committed 4992K, reserved 253952K
}
Event: 12,313 GC heap before
{Heap before GC invocations=14 (full 0):
 garbage-first heap   total 65536K, used 39093K [0x00000000e0000000, 0x0000000100000000)
  region size 1024K, 17 young (17408K), 4 survivors (4096K)
 Metaspace       used 34495K, capacity 35147K, committed 35628K, reserved 284672K
  class space    used 4902K, capacity 5136K, committed 5248K, reserved 253952K
}
Event: 12,332 GC heap after
{Heap after GC invocations=15 (full 0):
 garbage-first heap   total 65536K, used 27851K [0x00000000e0000000, 0x0000000100000000)
  region size 1024K, 3 young (3072K), 3 survivors (3072K)
 Metaspace       used 34495K, capacity 35147K, committed 35628K, reserved 284672K
  class space    used 4902K, capacity 5136K, committed 5248K, reserved 253952K
}
Event: 13,162 GC heap before
{Heap before GC invocations=16 (full 0):
 garbage-first heap   total 65536K, used 47307K [0x00000000e0000000, 0x0000000100000000)
  region size 1024K, 23 young (23552K), 3 survivors (3072K)
 Metaspace       used 41300K, capacity 42177K, committed 42668K, reserved 290816K
  class space    used 5760K, capacity 6054K, committed 6144K, reserved 253952K
}
Event: 13,183 GC heap after
{Heap after GC invocations=17 (full 0):
 garbage-first heap   total 65536K, used 31267K [0x00000000e0000000, 0x0000000100000000)
  region size 1024K, 3 young (3072K), 3 survivors (3072K)
 Metaspace       used 41300K, capacity 42177K, committed 42668K, reserved 290816K
  class space    used 5760K, capacity 6054K, committed 6144K, reserved 253952K
}
Event: 965,550 GC heap before
{Heap before GC invocations=18 (full 0):
 garbage-first heap   total 65536K, used 48675K [0x00000000e0000000, 0x0000000100000000)
  region size 1024K, 21 young (21504K), 3 survivors (3072K)
 Metaspace       used 42631K, capacity 43531K, committed 44076K, reserved 292864K
  class space    used 5918K, capacity 6198K, committed 6272K, reserved 253952K
}
Event: 972,775 GC heap after
{Heap after GC invocations=19 (full 0):
 garbage-first heap   total 65536K, used 32108K [0x00000000e0000000, 0x0000000100000000)
  region size 1024K, 1 young (1024K), 1 survivors (1024K)
 Metaspace       used 42631K, capacity 43531K, committed 44076K, reserved 292864K
  class space    used 5918K, capacity 6198K, committed 6272K, reserved 253952K
}
Event: 1103,230 GC heap before
{Heap before GC invocations=19 (full 0):
 garbage-first heap   total 65536K, used 34156K [0x00000000e0000000, 0x0000000100000000)
  region size 1024K, 3 young (3072K), 1 survivors (1024K)
 Metaspace       used 42640K, capacity 43531K, committed 44076K, reserved 292864K
  class space    used 5918K, capacity 6198K, committed 6272K, reserved 253952K
}
Event: 1106,546 GC heap after
{Heap after GC invocations=20 (full 0):
 garbage-first heap   total 65536K, used 32435K [0x00000000e0000000, 0x0000000100000000)
  region size 1024K, 1 young (1024K), 1 survivors (1024K)
 Metaspace       used 42640K, capacity 43531K, committed 44076K, reserved 292864K
  class space    used 5918K, capacity 6198K, committed 6272K, reserved 253952K
}
Event: 1263,841 GC heap before
{Heap before GC invocations=21 (full 0):
 garbage-first heap   total 65536K, used 34483K [0x00000000e0000000, 0x0000000100000000)
  region size 1024K, 3 young (3072K), 1 survivors (1024K)
 Metaspace       used 42355K, capacity 43068K, committed 44076K, reserved 292864K
  class space    used 5852K, capacity 6074K, committed 6272K, reserved 253952K
}

Deoptimization events (10 events):
Event: 66,609 Thread 0x00007f4554afc800 DEOPT PACKING pc=0x00007f45b95458ee sp=0x00007f45715e11e0
Event: 66,609 Thread 0x00007f4554afc800 DEOPT UNPACKING pc=0x00007f45b897e83a sp=0x00007f45715e06e0 mode 0
Event: 73,493 Thread 0x00007f45d114d000 DEOPT PACKING pc=0x00007f45b926dbb0 sp=0x00007f4573bf4ba0
Event: 73,493 Thread 0x00007f45d114d000 DEOPT UNPACKING pc=0x00007f45b897e83a sp=0x00007f4573bf40d8 mode 0
Event: 73,689 Thread 0x00007f456c023000 Uncommon trap: trap_request=0xffffffde fr.pc=0x00007f45c04a8094 relative=0x00000000000012d4
Event: 73,689 Thread 0x00007f456c023000 Uncommon trap: reason=class_check action=maybe_recompile pc=0x00007f45c04a8094 method=java.util.concurrent.ConcurrentHashMap.putVal(Ljava/lang/Object;Ljava/lang/Object;Z)Ljava/lang/Object; @ 242 c2
Event: 73,689 Thread 0x00007f456c023000 DEOPT PACKING pc=0x00007f45c04a8094 sp=0x00007f45701d6b10
Event: 73,689 Thread 0x00007f456c023000 DEOPT UNPACKING pc=0x00007f45b897ea25 sp=0x00007f45701d6a90 mode 2
Event: 173,494 Thread 0x00007f45d114d000 DEOPT PACKING pc=0x00007f45b926dbb0 sp=0x00007f4573bf4ba0
Event: 173,494 Thread 0x00007f45d114d000 DEOPT UNPACKING pc=0x00007f45b897e83a sp=0x00007f4573bf40d8 mode 0

Classes redefined (0 events):
No events

Internal exceptions (10 events):
Event: 1202,326 Thread 0x00007f4554afc800 Exception <a 'java/io/IOException'{0x00000000e3c53640}> (0x00000000e3c53640) thrown at [/build/openjdk-lts-7bqZff/openjdk-lts-11.0.4+11/src/hotspot/share/prims/jni.cpp, line 615]
Event: 1208,336 Thread 0x00007f4554afc800 Exception <a 'java/io/IOException'{0x00000000e3c6a7c8}> (0x00000000e3c6a7c8) thrown at [/build/openjdk-lts-7bqZff/openjdk-lts-11.0.4+11/src/hotspot/share/prims/jni.cpp, line 615]
Event: 1214,634 Thread 0x00007f4554afc800 Exception <a 'java/io/IOException'{0x00000000e3c76ae0}> (0x00000000e3c76ae0) thrown at [/build/openjdk-lts-7bqZff/openjdk-lts-11.0.4+11/src/hotspot/share/prims/jni.cpp, line 615]
Event: 1219,556 Thread 0x00007f4554afc800 Exception <a 'java/io/IOException'{0x00000000e3c84000}> (0x00000000e3c84000) thrown at [/build/openjdk-lts-7bqZff/openjdk-lts-11.0.4+11/src/hotspot/share/prims/jni.cpp, line 615]
Event: 1223,581 Thread 0x00007f4554afc800 Exception <a 'java/io/IOException'{0x00000000e3c9c9b8}> (0x00000000e3c9c9b8) thrown at [/build/openjdk-lts-7bqZff/openjdk-lts-11.0.4+11/src/hotspot/share/prims/jni.cpp, line 615]
Event: 1228,819 Thread 0x00007f4554afc800 Exception <a 'java/io/IOException'{0x00000000e3ca2f90}> (0x00000000e3ca2f90) thrown at [/build/openjdk-lts-7bqZff/openjdk-lts-11.0.4+11/src/hotspot/share/prims/jni.cpp, line 615]
Event: 1240,526 Thread 0x00007f4554afc800 Exception <a 'java/io/IOException'{0x00000000e3cbb6f8}> (0x00000000e3cbb6f8) thrown at [/build/openjdk-lts-7bqZff/openjdk-lts-11.0.4+11/src/hotspot/share/prims/jni.cpp, line 615]
Event: 1242,024 Thread 0x00007f4554afc800 Exception <a 'java/io/IOException'{0x00000000e3cd8d38}> (0x00000000e3cd8d38) thrown at [/build/openjdk-lts-7bqZff/openjdk-lts-11.0.4+11/src/hotspot/share/prims/jni.cpp, line 615]
Event: 1243,789 Thread 0x00007f4554afc800 Exception <a 'java/io/IOException'{0x00000000e3cde410}> (0x00000000e3cde410) thrown at [/build/openjdk-lts-7bqZff/openjdk-lts-11.0.4+11/src/hotspot/share/prims/jni.cpp, line 615]
Event: 1248,697 Thread 0x00007f4554afc800 Exception <a 'java/io/IOException'{0x00000000e3ce8cb0}> (0x00000000e3ce8cb0) thrown at [/build/openjdk-lts-7bqZff/openjdk-lts-11.0.4+11/src/hotspot/share/prims/jni.cpp, line 615]

Events (10 events):
Event: 151,701 Thread 0x00007f4540003800 Thread exited: 0x00007f4540003800
Event: 945,728 Executing VM operation: G1CollectForAllocation
Event: 972,804 Executing VM operation: G1CollectForAllocation done
Event: 1101,801 Executing VM operation: G1CollectForAllocation
Event: 1107,085 Executing VM operation: G1CollectForAllocation done
Event: 1111,573 Executing VM operation: CGC_Operation
Event: 1126,232 Executing VM operation: CGC_Operation done
Event: 1130,191 Executing VM operation: CGC_Operation
Event: 1132,473 Executing VM operation: CGC_Operation done
Event: 1260,810 Executing VM operation: G1CollectForAllocation


Dynamic libraries:
e0000000-e3e00000 rw-p 00000000 00:00 0 
e4c00000-ffe00000 ---p 00000000 00:00 0 
ffe00000-ffe34000 rw-p 01116000 08:03 3337028                            /usr/lib/jvm/java-11-openjdk-amd64/lib/server/classes.jsa
ffe34000-fff00000 rw-p 00000000 00:00 0 
fff00000-fff6a000 rw-p 010ac000 08:03 3337028                            /usr/lib/jvm/java-11-openjdk-amd64/lib/server/classes.jsa
fff6a000-100000000 rw-p 00000000 00:00 0 
800000000-800002000 rwxp 00001000 08:03 3337028                          /usr/lib/jvm/java-11-openjdk-amd64/lib/server/classes.jsa
800002000-8003bd000 rw-p 00003000 08:03 3337028                          /usr/lib/jvm/java-11-openjdk-amd64/lib/server/classes.jsa
8003bd000-800a98000 r--p 003be000 08:03 3337028                          /usr/lib/jvm/java-11-openjdk-amd64/lib/server/classes.jsa
800a98000-800a99000 rw-p 00a99000 08:03 3337028                          /usr/lib/jvm/java-11-openjdk-amd64/lib/server/classes.jsa
800a99000-8010ab000 r--p 00a9a000 08:03 3337028                          /usr/lib/jvm/java-11-openjdk-amd64/lib/server/classes.jsa
840000000-840620000 rw-p 00000000 00:00 0 
840620000-84f800000 ---p 00000000 00:00 0 
55d94cfec000-55d94cfed000 r-xp 00000000 08:03 3336369                    /usr/lib/jvm/java-11-openjdk-amd64/bin/java
55d94d1ed000-55d94d1ee000 r--p 00001000 08:03 3336369                    /usr/lib/jvm/java-11-openjdk-amd64/bin/java
55d94d1ee000-55d94d1ef000 rw-p 00002000 08:03 3336369                    /usr/lib/jvm/java-11-openjdk-amd64/bin/java
55d94d739000-55d94d75a000 rw-p 00000000 00:00 0                          [heap]
7f4534000000-7f4534021000 rw-p 00000000 00:00 0 
7f4534021000-7f4538000000 ---p 00000000 00:00 0 
7f453b9fa000-7f453b9fe000 ---p 00000000 00:00 0 
7f453b9fe000-7f453bafb000 rw-p 00000000 00:00 0 
7f453bafb000-7f453baff000 ---p 00000000 00:00 0 
7f453baff000-7f453bbfc000 rw-p 00000000 00:00 0 
7f453bbfc000-7f453bc00000 ---p 00000000 00:00 0 
7f453bc00000-7f453bcfd000 rw-p 00000000 00:00 0 
7f453bcfd000-7f453bd01000 ---p 00000000 00:00 0 
7f453bd01000-7f453bdfe000 rw-p 00000000 00:00 0 
7f453bdfe000-7f453be02000 ---p 00000000 00:00 0 
7f453be02000-7f453beff000 rw-p 00000000 00:00 0 
7f453beff000-7f453bf03000 ---p 00000000 00:00 0 
7f453bf03000-7f453c000000 rw-p 00000000 00:00 0 
7f453c000000-7f453c030000 rw-p 00000000 00:00 0 
7f453c030000-7f4540000000 ---p 00000000 00:00 0 
7f4540000000-7f4540021000 rw-p 00000000 00:00 0 
7f4540021000-7f4544000000 ---p 00000000 00:00 0 
7f4544000000-7f4544027000 rw-p 00000000 00:00 0 
7f4544027000-7f4548000000 ---p 00000000 00:00 0 
7f4548000000-7f4548021000 rw-p 00000000 00:00 0 
7f4548021000-7f454c000000 ---p 00000000 00:00 0 
7f454c000000-7f454c021000 rw-p 00000000 00:00 0 
7f454c021000-7f4550000000 ---p 00000000 00:00 0 
7f4550000000-7f4550021000 rw-p 00000000 00:00 0 
7f4550021000-7f4554000000 ---p 00000000 00:00 0 
7f4554000000-7f4554b1e000 rw-p 00000000 00:00 0 
7f4554b1e000-7f4558000000 ---p 00000000 00:00 0 
7f4558000000-7f45582cf000 rw-p 00000000 00:00 0 
7f45582cf000-7f455c000000 ---p 00000000 00:00 0 
7f455c000000-7f455c026000 rw-p 00000000 00:00 0 
7f455c026000-7f4560000000 ---p 00000000 00:00 0 
7f4560000000-7f4560021000 rw-p 00000000 00:00 0 
7f4560021000-7f4564000000 ---p 00000000 00:00 0 
7f4564000000-7f4564021000 rw-p 00000000 00:00 0 
7f4564021000-7f4568000000 ---p 00000000 00:00 0 
7f4568000000-7f4568021000 rw-p 00000000 00:00 0 
7f4568021000-7f456c000000 ---p 00000000 00:00 0 
7f456c000000-7f456c053000 rw-p 00000000 00:00 0 
7f456c053000-7f4570000000 ---p 00000000 00:00 0 
7f45700d8000-7f45700dc000 ---p 00000000 00:00 0 
7f45700dc000-7f45701d9000 rw-p 00000000 00:00 0 
7f45701d9000-7f45701dd000 ---p 00000000 00:00 0 
7f45701dd000-7f45703da000 rw-p 00000000 00:00 0 
7f45703da000-7f45704da000 ---p 00000000 00:00 0 
7f45704da000-7f45706da000 rw-p 00000000 00:00 0 
7f45706da000-7f45708da000 rw-p 00000000 00:00 0 
7f45708da000-7f4570ada000 rw-p 00000000 00:00 0 
7f4570ada000-7f4570ade000 ---p 00000000 00:00 0 
7f4570ade000-7f4570bdb000 rw-p 00000000 00:00 0 
7f4570bdb000-7f4570bdf000 ---p 00000000 00:00 0 
7f4570bdf000-7f4570cdc000 rw-p 00000000 00:00 0 
7f4570cdc000-7f4570ce0000 ---p 00000000 00:00 0 
7f4570ce0000-7f4570fc8000 rw-p 00000000 00:00 0 
7f4570fc8000-7f4570fdd000 ---p 00000000 00:00 0 
7f4570fdd000-7f4570fe1000 ---p 00000000 00:00 0 
7f4570fe1000-7f45710de000 rw-p 00000000 00:00 0 
7f45710de000-7f45710e2000 ---p 00000000 00:00 0 
7f45710e2000-7f45711df000 rw-p 00000000 00:00 0 
7f45711df000-7f45711e3000 ---p 00000000 00:00 0 
7f45711e3000-7f45712e0000 rw-p 00000000 00:00 0 
7f45712e0000-7f45712e4000 ---p 00000000 00:00 0 
7f45712e4000-7f45713e1000 rw-p 00000000 00:00 0 
7f45713e1000-7f45713e5000 ---p 00000000 00:00 0 
7f45713e5000-7f45714e2000 rw-p 00000000 00:00 0 
7f45714e2000-7f45714e6000 ---p 00000000 00:00 0 
7f45714e6000-7f45717e3000 rw-p 00000000 00:00 0 
7f45717e3000-7f45717e7000 ---p 00000000 00:00 0 
7f45717e7000-7f45718e4000 rw-p 00000000 00:00 0 
7f45718e4000-7f45718e8000 ---p 00000000 00:00 0 
7f45718e8000-7f45719e5000 rw-p 00000000 00:00 0 
7f45719e5000-7f45719e9000 ---p 00000000 00:00 0 
7f45719e9000-7f4571ae6000 rw-p 00000000 00:00 0 
7f4571ae6000-7f4571aea000 ---p 00000000 00:00 0 
7f4571aea000-7f4571de7000 rw-p 00000000 00:00 0 
7f4571de7000-7f4571fe7000 rw-p 00000000 00:00 0 
7f4571fe7000-7f45721e7000 rw-p 00000000 00:00 0 
7f45721e7000-7f45723e7000 rw-p 00000000 00:00 0 
7f45723e7000-7f45725e7000 rw-p 00000000 00:00 0 
7f45725e7000-7f45727e7000 rw-p 00000000 00:00 0 
7f45727e7000-7f45727eb000 ---p 00000000 00:00 0 
7f45727eb000-7f4572ae8000 rw-p 00000000 00:00 0 
7f4572ae8000-7f4572ce8000 rw-p 00000000 00:00 0 
7f4572ce8000-7f4572cec000 ---p 00000000 00:00 0 
7f4572cec000-7f4572de9000 rw-p 00000000 00:00 0 
7f4572de9000-7f4572ded000 ---p 00000000 00:00 0 
7f4572ded000-7f4572eea000 rw-p 00000000 00:00 0 
7f4572eea000-7f4572eee000 ---p 00000000 00:00 0 
7f4572eee000-7f4572feb000 rw-p 00000000 00:00 0 
7f4572feb000-7f4572fec000 ---p 00000000 00:00 0 
7f4572fec000-7f45730ed000 rw-p 00000000 00:00 0 
7f45730ed000-7f45730ee000 ---p 00000000 00:00 0 
7f45730ee000-7f45733ef000 rw-p 00000000 00:00 0 
7f45733ef000-7f45733f3000 ---p 00000000 00:00 0 
7f45733f3000-7f45734f0000 rw-p 00000000 00:00 0 
7f45734f0000-7f45734f4000 ---p 00000000 00:00 0 
7f45734f4000-7f45735f1000 rw-p 00000000 00:00 0 
7f45735f1000-7f45735f5000 ---p 00000000 00:00 0 
7f45735f5000-7f45736f2000 rw-p 00000000 00:00 0 
7f45736f2000-7f45736f6000 ---p 00000000 00:00 0 
7f45736f6000-7f45737f3000 rw-p 00000000 00:00 0 
7f45737f3000-7f45737f7000 ---p 00000000 00:00 0 
7f45737f7000-7f45738f4000 rw-p 00000000 00:00 0 
7f45738f4000-7f45738f8000 ---p 00000000 00:00 0 
7f45738f8000-7f45739f5000 rw-p 00000000 00:00 0 
7f45739f5000-7f45739f9000 ---p 00000000 00:00 0 
7f45739f9000-7f4573af6000 rw-p 00000000 00:00 0 
7f4573af6000-7f4573afa000 ---p 00000000 00:00 0 
7f4573afa000-7f4573bf7000 rw-p 00000000 00:00 0 
7f4573bf7000-7f4573bf9000 r-xp 00000000 08:03 3336503                    /usr/lib/jvm/java-11-openjdk-amd64/lib/libextnet.so
7f4573bf9000-7f4573df8000 ---p 00002000 08:03 3336503                    /usr/lib/jvm/java-11-openjdk-amd64/lib/libextnet.so
7f4573df8000-7f4573df9000 r--p 00001000 08:03 3336503                    /usr/lib/jvm/java-11-openjdk-amd64/lib/libextnet.so
7f4573df9000-7f4573dfa000 rw-p 00002000 08:03 3336503                    /usr/lib/jvm/java-11-openjdk-amd64/lib/libextnet.so
7f4573dfa000-7f4573dff000 r-xp 00000000 08:03 3336520                    /usr/lib/jvm/java-11-openjdk-amd64/lib/libmanagement_ext.so
7f4573dff000-7f4573ffe000 ---p 00005000 08:03 3336520                    /usr/lib/jvm/java-11-openjdk-amd64/lib/libmanagement_ext.so
7f4573ffe000-7f4573fff000 r--p 00004000 08:03 3336520                    /usr/lib/jvm/java-11-openjdk-amd64/lib/libmanagement_ext.so
7f4573fff000-7f4574000000 rw-p 00005000 08:03 3336520                    /usr/lib/jvm/java-11-openjdk-amd64/lib/libmanagement_ext.so
7f4574000000-7f4574021000 rw-p 00000000 00:00 0 
7f4574021000-7f4578000000 ---p 00000000 00:00 0 
7f4578000000-7f4578021000 rw-p 00000000 00:00 0 
7f4578021000-7f457c000000 ---p 00000000 00:00 0 
7f457c000000-7f457c021000 rw-p 00000000 00:00 0 
7f457c021000-7f4580000000 ---p 00000000 00:00 0 
7f4580000000-7f4580021000 rw-p 00000000 00:00 0 
7f4580021000-7f4584000000 ---p 00000000 00:00 0 
7f4584000000-7f4584544000 rw-p 00000000 00:00 0 
7f4584544000-7f4588000000 ---p 00000000 00:00 0 
7f4588000000-7f4588021000 rw-p 00000000 00:00 0 
7f4588021000-7f458c000000 ---p 00000000 00:00 0 
7f458c000000-7f458c021000 rw-p 00000000 00:00 0 
7f458c021000-7f4590000000 ---p 00000000 00:00 0 
7f4590000000-7f45919ca000 rw-p 00000000 00:00 0 
7f45919ca000-7f4594000000 ---p 00000000 00:00 0 
7f4594000000-7f4594021000 rw-p 00000000 00:00 0 
7f4594021000-7f4598000000 ---p 00000000 00:00 0 
7f4598000000-7f4598021000 rw-p 00000000 00:00 0 
7f4598021000-7f459c000000 ---p 00000000 00:00 0 
7f459c000000-7f459c021000 rw-p 00000000 00:00 0 
7f459c021000-7f45a0000000 ---p 00000000 00:00 0 
7f45a0000000-7f45a00c1000 rw-p 00000000 00:00 0 
7f45a00c1000-7f45a4000000 ---p 00000000 00:00 0 
7f45a4000000-7f45a4021000 rw-p 00000000 00:00 0 
7f45a4021000-7f45a8000000 ---p 00000000 00:00 0 
7f45a80f6000-7f45a80fa000 ---p 00000000 00:00 0 
7f45a80fa000-7f45a81f7000 rw-p 00000000 00:00 0 
7f45a81f7000-7f45a81fb000 r-xp 00000000 08:03 3336518                    /usr/lib/jvm/java-11-openjdk-amd64/lib/libmanagement.so
7f45a81fb000-7f45a83fa000 ---p 00004000 08:03 3336518                    /usr/lib/jvm/java-11-openjdk-amd64/lib/libmanagement.so
7f45a83fa000-7f45a83fb000 r--p 00003000 08:03 3336518                    /usr/lib/jvm/java-11-openjdk-amd64/lib/libmanagement.so
7f45a83fb000-7f45a83fc000 rw-p 00004000 08:03 3336518                    /usr/lib/jvm/java-11-openjdk-amd64/lib/libmanagement.so
7f45a83fc000-7f45a83fd000 ---p 00000000 00:00 0 
7f45a83fd000-7f45a84fe000 rw-p 00000000 00:00 0 
7f45a84fe000-7f45a8503000 r-xp 00000000 08:03 2795556                    /home/esther/.gradle/native/28/linux-amd64/libnative-platform.so
7f45a8503000-7f45a8703000 ---p 00005000 08:03 2795556                    /home/esther/.gradle/native/28/linux-amd64/libnative-platform.so
7f45a8703000-7f45a8704000 rw-p 00005000 08:03 2795556                    /home/esther/.gradle/native/28/linux-amd64/libnative-platform.so
7f45a8704000-7f45a871a000 r-xp 00000000 08:03 3336522                    /usr/lib/jvm/java-11-openjdk-amd64/lib/libnet.so
7f45a871a000-7f45a8919000 ---p 00016000 08:03 3336522                    /usr/lib/jvm/java-11-openjdk-amd64/lib/libnet.so
7f45a8919000-7f45a891a000 r--p 00015000 08:03 3336522                    /usr/lib/jvm/java-11-openjdk-amd64/lib/libnet.so
7f45a891a000-7f45a891b000 rw-p 00016000 08:03 3336522                    /usr/lib/jvm/java-11-openjdk-amd64/lib/libnet.so
7f45a891b000-7f45a892b000 r-xp 00000000 08:03 3336523                    /usr/lib/jvm/java-11-openjdk-amd64/lib/libnio.so
7f45a892b000-7f45a8b2a000 ---p 00010000 08:03 3336523                    /usr/lib/jvm/java-11-openjdk-amd64/lib/libnio.so
7f45a8b2a000-7f45a8b2b000 r--p 0000f000 08:03 3336523                    /usr/lib/jvm/java-11-openjdk-amd64/lib/libnio.so
7f45a8b2b000-7f45a8b2c000 rw-p 00010000 08:03 3336523                    /usr/lib/jvm/java-11-openjdk-amd64/lib/libnio.so
7f45a8b2c000-7f45a8b2d000 ---p 00000000 00:00 0 
7f45a8b2d000-7f45a8c2e000 rw-p 00000000 00:00 0 
7f45a8c2e000-7f45a8c32000 ---p 00000000 00:00 0 
7f45a8c32000-7f45a8d2f000 rw-p 00000000 00:00 0 
7f45a8d2f000-7f45a8d33000 ---p 00000000 00:00 0 
7f45a8d33000-7f45a8e30000 rw-p 00000000 00:00 0 
7f45a8e30000-7f45a9800000 r--p 00000000 08:03 3066200                    /usr/lib/locale/locale-archive
7f45a9800000-7f45ac000000 rw-p 00000000 00:00 0 
7f45ac000000-7f45ac021000 rw-p 00000000 00:00 0 
7f45ac021000-7f45b0000000 ---p 00000000 00:00 0 
7f45b0000000-7f45b0033000 rw-p 00000000 00:00 0 
7f45b0033000-7f45b4000000 ---p 00000000 00:00 0 
7f45b4000000-7f45b4021000 rw-p 00000000 00:00 0 
7f45b4021000-7f45b8000000 ---p 00000000 00:00 0 
7f45b804a000-7f45b804e000 ---p 00000000 00:00 0 
7f45b804e000-7f45b814b000 rw-p 00000000 00:00 0 
7f45b814b000-7f45b814f000 ---p 00000000 00:00 0 
7f45b814f000-7f45b824c000 rw-p 00000000 00:00 0 
7f45b824c000-7f45b8250000 ---p 00000000 00:00 0 
7f45b8250000-7f45b834d000 rw-p 00000000 00:00 0 
7f45b834d000-7f45b8351000 ---p 00000000 00:00 0 
7f45b8351000-7f45b844e000 rw-p 00000000 00:00 0 
7f45b844e000-7f45b8452000 ---p 00000000 00:00 0 
7f45b8452000-7f45b854f000 rw-p 00000000 00:00 0 
7f45b854f000-7f45b8553000 ---p 00000000 00:00 0 
7f45b8553000-7f45b8650000 rw-p 00000000 00:00 0 
7f45b8650000-7f45b8651000 ---p 00000000 00:00 0 
7f45b8651000-7f45b8752000 rw-p 00000000 00:00 0 
7f45b8752000-7f45b8753000 ---p 00000000 00:00 0 
7f45b8753000-7f45b8854000 rw-p 00000000 00:00 0 
7f45b8854000-7f45b8855000 ---p 00000000 00:00 0 
7f45b8855000-7f45b8956000 rw-p 00000000 00:00 0 
7f45b8956000-7f45b8bc6000 rwxp 00000000 00:00 0 
7f45b8bc6000-7f45b8ee6000 ---p 00000000 00:00 0 
7f45b8ee6000-7f45b9776000 rwxp 00000000 00:00 0 
7f45b9776000-7f45c041e000 ---p 00000000 00:00 0 
7f45c041e000-7f45c068e000 rwxp 00000000 00:00 0 
7f45c068e000-7f45c7956000 ---p 00000000 00:00 0 
7f45c7956000-7f45d0000000 r--s 00000000 08:03 3336532                    /usr/lib/jvm/java-11-openjdk-amd64/lib/modules
7f45d0000000-7f45d1150000 rw-p 00000000 00:00 0 
7f45d1150000-7f45d4000000 ---p 00000000 00:00 0 
7f45d401c000-7f45d4020000 ---p 00000000 00:00 0 
7f45d4020000-7f45d44c3000 rw-p 00000000 00:00 0 
7f45d44c3000-7f45d44c4000 ---p 00000000 00:00 0 
7f45d44c4000-7f45d45c5000 rw-p 00000000 00:00 0 
7f45d45c5000-7f45d45c6000 ---p 00000000 00:00 0 
7f45d45c6000-7f45d47bf000 rw-p 00000000 00:00 0 
7f45d47bf000-7f45d4ebf000 ---p 00000000 00:00 0 
7f45d4ebf000-7f45d4fbf000 rw-p 00000000 00:00 0 
7f45d4fbf000-7f45d56bf000 ---p 00000000 00:00 0 
7f45d56bf000-7f45d56e6000 rw-p 00000000 00:00 0 
7f45d56e6000-7f45d57c6000 ---p 00000000 00:00 0 
7f45d57c6000-7f45d57e6000 rw-p 00000000 00:00 0 
7f45d57e6000-7f45d58c6000 ---p 00000000 00:00 0 
7f45d58c6000-7f45d58e6000 rw-p 00000000 00:00 0 
7f45d58e6000-7f45d59c6000 ---p 00000000 00:00 0 
7f45d59c6000-7f45d5dcb000 rw-p 00000000 00:00 0 
7f45d5dcb000-7f45d5dcc000 ---p 00000000 00:00 0 
7f45d5dcc000-7f45d5ed2000 rw-p 00000000 00:00 0 
7f45d5ed2000-7f45d5fb8000 ---p 00000000 00:00 0 
7f45d5fb8000-7f45d5fca000 rw-p 00000000 00:00 0 
7f45d5fca000-7f45d60a3000 ---p 00000000 00:00 0 
7f45d60a3000-7f45d60a8000 r-xp 00000000 08:03 3336514                    /usr/lib/jvm/java-11-openjdk-amd64/lib/libjimage.so
7f45d60a8000-7f45d62a7000 ---p 00005000 08:03 3336514                    /usr/lib/jvm/java-11-openjdk-amd64/lib/libjimage.so
7f45d62a7000-7f45d62a8000 r--p 00004000 08:03 3336514                    /usr/lib/jvm/java-11-openjdk-amd64/lib/libjimage.so
7f45d62a8000-7f45d62a9000 rw-p 00005000 08:03 3336514                    /usr/lib/jvm/java-11-openjdk-amd64/lib/libjimage.so
7f45d62a9000-7f45d62b0000 r-xp 00000000 08:03 3336531                    /usr/lib/jvm/java-11-openjdk-amd64/lib/libzip.so
7f45d62b0000-7f45d64af000 ---p 00007000 08:03 3336531                    /usr/lib/jvm/java-11-openjdk-amd64/lib/libzip.so
7f45d64af000-7f45d64b0000 r--p 00006000 08:03 3336531                    /usr/lib/jvm/java-11-openjdk-amd64/lib/libzip.so
7f45d64b0000-7f45d64b1000 rw-p 00007000 08:03 3336531                    /usr/lib/jvm/java-11-openjdk-amd64/lib/libzip.so
7f45d64b1000-7f45d64bc000 r-xp 00000000 08:03 4229397                    /lib/x86_64-linux-gnu/libnss_files-2.27.so
7f45d64bc000-7f45d66bb000 ---p 0000b000 08:03 4229397                    /lib/x86_64-linux-gnu/libnss_files-2.27.so
7f45d66bb000-7f45d66bc000 r--p 0000a000 08:03 4229397                    /lib/x86_64-linux-gnu/libnss_files-2.27.so
7f45d66bc000-7f45d66bd000 rw-p 0000b000 08:03 4229397                    /lib/x86_64-linux-gnu/libnss_files-2.27.so
7f45d66bd000-7f45d66c3000 rw-p 00000000 00:00 0 
7f45d66c3000-7f45d66da000 r-xp 00000000 08:03 4229391                    /lib/x86_64-linux-gnu/libnsl-2.27.so
7f45d66da000-7f45d68d9000 ---p 00017000 08:03 4229391                    /lib/x86_64-linux-gnu/libnsl-2.27.so
7f45d68d9000-7f45d68da000 r--p 00016000 08:03 4229391                    /lib/x86_64-linux-gnu/libnsl-2.27.so
7f45d68da000-7f45d68db000 rw-p 00017000 08:03 4229391                    /lib/x86_64-linux-gnu/libnsl-2.27.so
7f45d68db000-7f45d68dd000 rw-p 00000000 00:00 0 
7f45d68dd000-7f45d68e8000 r-xp 00000000 08:03 4229408                    /lib/x86_64-linux-gnu/libnss_nis-2.27.so
7f45d68e8000-7f45d6ae7000 ---p 0000b000 08:03 4229408                    /lib/x86_64-linux-gnu/libnss_nis-2.27.so
7f45d6ae7000-7f45d6ae8000 r--p 0000a000 08:03 4229408                    /lib/x86_64-linux-gnu/libnss_nis-2.27.so
7f45d6ae8000-7f45d6ae9000 rw-p 0000b000 08:03 4229408                    /lib/x86_64-linux-gnu/libnss_nis-2.27.so
7f45d6ae9000-7f45d6af1000 r-xp 00000000 08:03 4229393                    /lib/x86_64-linux-gnu/libnss_compat-2.27.so
7f45d6af1000-7f45d6cf1000 ---p 00008000 08:03 4229393                    /lib/x86_64-linux-gnu/libnss_compat-2.27.so
7f45d6cf1000-7f45d6cf2000 r--p 00008000 08:03 4229393                    /lib/x86_64-linux-gnu/libnss_compat-2.27.so
7f45d6cf2000-7f45d6cf3000 rw-p 00009000 08:03 4229393                    /lib/x86_64-linux-gnu/libnss_compat-2.27.so
7f45d6cf3000-7f45d6d1c000 r-xp 00000000 08:03 3336510                    /usr/lib/jvm/java-11-openjdk-amd64/lib/libjava.so
7f45d6d1c000-7f45d6f1b000 ---p 00029000 08:03 3336510                    /usr/lib/jvm/java-11-openjdk-amd64/lib/libjava.so
7f45d6f1b000-7f45d6f1c000 r--p 00028000 08:03 3336510                    /usr/lib/jvm/java-11-openjdk-amd64/lib/libjava.so
7f45d6f1c000-7f45d6f1e000 rw-p 00029000 08:03 3336510                    /usr/lib/jvm/java-11-openjdk-amd64/lib/libjava.so
7f45d6f1e000-7f45d6f2b000 r-xp 00000000 08:03 3336530                    /usr/lib/jvm/java-11-openjdk-amd64/lib/libverify.so
7f45d6f2b000-7f45d712a000 ---p 0000d000 08:03 3336530                    /usr/lib/jvm/java-11-openjdk-amd64/lib/libverify.so
7f45d712a000-7f45d712c000 r--p 0000c000 08:03 3336530                    /usr/lib/jvm/java-11-openjdk-amd64/lib/libverify.so
7f45d712c000-7f45d712d000 rw-p 0000e000 08:03 3336530                    /usr/lib/jvm/java-11-openjdk-amd64/lib/libverify.so
7f45d712d000-7f45d7134000 r-xp 00000000 08:03 4229448                    /lib/x86_64-linux-gnu/librt-2.27.so
7f45d7134000-7f45d7333000 ---p 00007000 08:03 4229448                    /lib/x86_64-linux-gnu/librt-2.27.so
7f45d7333000-7f45d7334000 r--p 00006000 08:03 4229448                    /lib/x86_64-linux-gnu/librt-2.27.so
7f45d7334000-7f45d7335000 rw-p 00007000 08:03 4229448                    /lib/x86_64-linux-gnu/librt-2.27.so
7f45d7335000-7f45d734c000 r-xp 00000000 08:03 4227078                    /lib/x86_64-linux-gnu/libgcc_s.so.1
7f45d734c000-7f45d754b000 ---p 00017000 08:03 4227078                    /lib/x86_64-linux-gnu/libgcc_s.so.1
7f45d754b000-7f45d754c000 r--p 00016000 08:03 4227078                    /lib/x86_64-linux-gnu/libgcc_s.so.1
7f45d754c000-7f45d754d000 rw-p 00017000 08:03 4227078                    /lib/x86_64-linux-gnu/libgcc_s.so.1
7f45d754d000-7f45d76ea000 r-xp 00000000 08:03 4229370                    /lib/x86_64-linux-gnu/libm-2.27.so
7f45d76ea000-7f45d78e9000 ---p 0019d000 08:03 4229370                    /lib/x86_64-linux-gnu/libm-2.27.so
7f45d78e9000-7f45d78ea000 r--p 0019c000 08:03 4229370                    /lib/x86_64-linux-gnu/libm-2.27.so
7f45d78ea000-7f45d78eb000 rw-p 0019d000 08:03 4229370                    /lib/x86_64-linux-gnu/libm-2.27.so
7f45d78eb000-7f45d7a64000 r-xp 00000000 08:03 3067440                    /usr/lib/x86_64-linux-gnu/libstdc++.so.6.0.25
7f45d7a64000-7f45d7c64000 ---p 00179000 08:03 3067440                    /usr/lib/x86_64-linux-gnu/libstdc++.so.6.0.25
7f45d7c64000-7f45d7c6e000 r--p 00179000 08:03 3067440                    /usr/lib/x86_64-linux-gnu/libstdc++.so.6.0.25
7f45d7c6e000-7f45d7c70000 rw-p 00183000 08:03 3067440                    /usr/lib/x86_64-linux-gnu/libstdc++.so.6.0.25
7f45d7c70000-7f45d7c74000 rw-p 00000000 00:00 0 
7f45d7c74000-7f45d8d40000 r-xp 00000000 08:03 3336537                    /usr/lib/jvm/java-11-openjdk-amd64/lib/server/libjvm.so
7f45d8d40000-7f45d8f3f000 ---p 010cc000 08:03 3336537                    /usr/lib/jvm/java-11-openjdk-amd64/lib/server/libjvm.so
7f45d8f3f000-7f45d8ffc000 r--p 010cb000 08:03 3336537                    /usr/lib/jvm/java-11-openjdk-amd64/lib/server/libjvm.so
7f45d8ffc000-7f45d9035000 rw-p 01188000 08:03 3336537                    /usr/lib/jvm/java-11-openjdk-amd64/lib/server/libjvm.so
7f45d9035000-7f45d908b000 rw-p 00000000 00:00 0 
7f45d908b000-7f45d90a5000 r-xp 00000000 08:03 4229440                    /lib/x86_64-linux-gnu/libpthread-2.27.so
7f45d90a5000-7f45d92a4000 ---p 0001a000 08:03 4229440                    /lib/x86_64-linux-gnu/libpthread-2.27.so
7f45d92a4000-7f45d92a5000 r--p 00019000 08:03 4229440                    /lib/x86_64-linux-gnu/libpthread-2.27.so
7f45d92a5000-7f45d92a6000 rw-p 0001a000 08:03 4229440                    /lib/x86_64-linux-gnu/libpthread-2.27.so
7f45d92a6000-7f45d92aa000 rw-p 00000000 00:00 0 
7f45d92aa000-7f45d92ad000 r-xp 00000000 08:03 4229330                    /lib/x86_64-linux-gnu/libdl-2.27.so
7f45d92ad000-7f45d94ac000 ---p 00003000 08:03 4229330                    /lib/x86_64-linux-gnu/libdl-2.27.so
7f45d94ac000-7f45d94ad000 r--p 00002000 08:03 4229330                    /lib/x86_64-linux-gnu/libdl-2.27.so
7f45d94ad000-7f45d94ae000 rw-p 00003000 08:03 4229330                    /lib/x86_64-linux-gnu/libdl-2.27.so
7f45d94ae000-7f45d94ca000 r-xp 00000000 08:03 4229479                    /lib/x86_64-linux-gnu/libz.so.1.2.11
7f45d94ca000-7f45d96c9000 ---p 0001c000 08:03 4229479                    /lib/x86_64-linux-gnu/libz.so.1.2.11
7f45d96c9000-7f45d96ca000 r--p 0001b000 08:03 4229479                    /lib/x86_64-linux-gnu/libz.so.1.2.11
7f45d96ca000-7f45d96cb000 rw-p 0001c000 08:03 4229479                    /lib/x86_64-linux-gnu/libz.so.1.2.11
7f45d96cb000-7f45d98b2000 r-xp 00000000 08:03 4229307                    /lib/x86_64-linux-gnu/libc-2.27.so
7f45d98b2000-7f45d9ab2000 ---p 001e7000 08:03 4229307                    /lib/x86_64-linux-gnu/libc-2.27.so
7f45d9ab2000-7f45d9ab6000 r--p 001e7000 08:03 4229307                    /lib/x86_64-linux-gnu/libc-2.27.so
7f45d9ab6000-7f45d9ab8000 rw-p 001eb000 08:03 4229307                    /lib/x86_64-linux-gnu/libc-2.27.so
7f45d9ab8000-7f45d9abc000 rw-p 00000000 00:00 0 
7f45d9abc000-7f45d9acc000 r-xp 00000000 08:03 3336494                    /usr/lib/jvm/java-11-openjdk-amd64/lib/jli/libjli.so
7f45d9acc000-7f45d9ccb000 ---p 00010000 08:03 3336494                    /usr/lib/jvm/java-11-openjdk-amd64/lib/jli/libjli.so
7f45d9ccb000-7f45d9ccc000 r--p 0000f000 08:03 3336494                    /usr/lib/jvm/java-11-openjdk-amd64/lib/jli/libjli.so
7f45d9ccc000-7f45d9ccd000 rw-p 00010000 08:03 3336494                    /usr/lib/jvm/java-11-openjdk-amd64/lib/jli/libjli.so
7f45d9ccd000-7f45d9cf4000 r-xp 00000000 08:03 4229279                    /lib/x86_64-linux-gnu/ld-2.27.so
7f45d9d08000-7f45d9dd3000 rw-p 00000000 00:00 0 
7f45d9dd3000-7f45d9dda000 ---p 00000000 00:00 0 
7f45d9dda000-7f45d9dde000 ---p 00000000 00:00 0 
7f45d9dde000-7f45d9edd000 rw-p 00000000 00:00 0 
7f45d9edf000-7f45d9ee6000 r--s 00000000 08:03 3107535                    /usr/lib/x86_64-linux-gnu/gconv/gconv-modules.cache
7f45d9ee6000-7f45d9ee8000 r--s 00007000 08:03 3121207                    /usr/share/java/java-atk-wrapper.jar
7f45d9ee8000-7f45d9ef0000 rw-s 00000000 08:03 6046439                    /tmp/hsperfdata_esther/9990
7f45d9ef0000-7f45d9ef1000 ---p 00000000 00:00 0 
7f45d9ef1000-7f45d9ef2000 r--p 00000000 00:00 0 
7f45d9ef2000-7f45d9ef4000 rw-p 00000000 00:00 0 
7f45d9ef4000-7f45d9ef5000 r--p 00027000 08:03 4229279                    /lib/x86_64-linux-gnu/ld-2.27.so
7f45d9ef5000-7f45d9ef6000 rw-p 00028000 08:03 4229279                    /lib/x86_64-linux-gnu/ld-2.27.so
7f45d9ef6000-7f45d9ef7000 rw-p 00000000 00:00 0 
7ffe6be2f000-7ffe6be50000 rw-p 00000000 00:00 0                          [stack]
7ffe6be9d000-7ffe6bea0000 r--p 00000000 00:00 0                          [vvar]
7ffe6bea0000-7ffe6bea2000 r-xp 00000000 00:00 0                          [vdso]
ffffffffff600000-ffffffffff601000 r-xp 00000000 00:00 0                  [vsyscall]


VM Arguments:
jvm_args: --add-opens=java.base/java.util=ALL-UNNAMED --add-opens=java.base/java.lang=ALL-UNNAMED --add-opens=java.base/java.lang.invoke=ALL-UNNAMED --add-opens=java.prefs/java.util.prefs=ALL-UNNAMED -XX:MaxMetaspaceSize=256m -XX:+HeapDumpOnOutOfMemoryError -Xmx512m -Dfile.encoding=UTF-8 -Duser.country=US -Duser.language=en -Duser.variant 
java_command: org.gradle.launcher.daemon.bootstrap.GradleDaemon 5.2.1
java_class_path (initial): /home/esther/.gradle/wrapper/dists/gradle-5.2.1-bin/9lc4nzslqh3ep7ml2tp68fk8s/gradle-5.2.1/lib/gradle-launcher-5.2.1.jar
Launcher Type: SUN_STANDARD

[Global flags]
     intx CICompilerCount                          = 3                                         {product} {ergonomic}
   size_t CompressedClassSpaceSize                 = 260046848                                 {product} {ergonomic}
     uint ConcGCThreads                            = 1                                         {product} {ergonomic}
     uint G1ConcRefinementThreads                  = 4                                         {product} {ergonomic}
   size_t G1HeapRegionSize                         = 1048576                                   {product} {ergonomic}
    uintx GCDrainStackTargetSize                   = 64                                        {product} {ergonomic}
     bool HeapDumpOnOutOfMemoryError               = true                                   {manageable} {command line}
   size_t InitialHeapSize                          = 65011712                                  {product} {ergonomic}
   size_t MarkStackSize                            = 4194304                                   {product} {ergonomic}
   size_t MaxHeapSize                              = 536870912                                 {product} {command line}
   size_t MaxMetaspaceSize                         = 268435456                                 {product} {command line}
   size_t MaxNewSize                               = 321912832                                 {product} {ergonomic}
   size_t MinHeapDeltaBytes                        = 1048576                                   {product} {ergonomic}
    uintx NonNMethodCodeHeapSize                   = 5830092                                {pd product} {ergonomic}
    uintx NonProfiledCodeHeapSize                  = 122914074                              {pd product} {ergonomic}
    uintx ProfiledCodeHeapSize                     = 122914074                              {pd product} {ergonomic}
    uintx ReservedCodeCacheSize                    = 251658240                              {pd product} {ergonomic}
     bool SegmentedCodeCache                       = true                                      {product} {ergonomic}
     bool UseCompressedClassPointers               = true                                 {lp64_product} {ergonomic}
     bool UseCompressedOops                        = true                                 {lp64_product} {ergonomic}
     bool UseG1GC                                  = true                                      {product} {ergonomic}

Logging:
Log output configuration:
 #0: stdout all=warning uptime,level,tags
 #1: stderr all=off uptime,level,tags

Environment Variables:
PATH=/usr/local/sbin:/usr/local/bin:/usr/sbin:/usr/bin:/sbin:/bin:/usr/games:/usr/local/games:/snap/bin
USERNAME=esther
SHELL=/bin/bash
DISPLAY=:0

Signal Handlers:
SIGSEGV: [libjvm.so+0xde5f50], sa_mask[0]=11111111011111111101111111111110, sa_flags=SA_RESTART|SA_SIGINFO
SIGBUS: [libjvm.so+0xde5f50], sa_mask[0]=11111111011111111101111111111110, sa_flags=SA_RESTART|SA_SIGINFO
SIGFPE: [libjvm.so+0xde5f50], sa_mask[0]=11111111011111111101111111111110, sa_flags=SA_RESTART|SA_SIGINFO
SIGPIPE: [libjvm.so+0xbba5b0], sa_mask[0]=11111111011111111101111111111110, sa_flags=SA_RESTART|SA_SIGINFO
SIGXFSZ: [libjvm.so+0xbba5b0], sa_mask[0]=11111111011111111101111111111110, sa_flags=SA_RESTART|SA_SIGINFO
SIGILL: [libjvm.so+0xde5f50], sa_mask[0]=11111111011111111101111111111110, sa_flags=SA_RESTART|SA_SIGINFO
SIGUSR2: [libjvm.so+0xbba450], sa_mask[0]=00100000000000000000000000000000, sa_flags=SA_RESTART|SA_SIGINFO
SIGHUP: [libjvm.so+0xbba7b0], sa_mask[0]=11111111011111111101111111111110, sa_flags=SA_RESTART|SA_SIGINFO
SIGINT: [libjvm.so+0xbba7b0], sa_mask[0]=11111111011111111101111111111110, sa_flags=SA_RESTART|SA_SIGINFO
SIGTERM: [libjvm.so+0xbba7b0], sa_mask[0]=11111111011111111101111111111110, sa_flags=SA_RESTART|SA_SIGINFO
SIGQUIT: [libjvm.so+0xbba7b0], sa_mask[0]=11111111011111111101111111111110, sa_flags=SA_RESTART|SA_SIGINFO


---------------  S Y S T E M  ---------------

OS:DISTRIB_ID=Ubuntu
DISTRIB_RELEASE=18.04
DISTRIB_CODENAME=bionic
DISTRIB_DESCRIPTION="Ubuntu 18.04.3 LTS"
uname:Linux 4.15.0-58-generic #64-Ubuntu SMP Tue Aug 6 11:12:41 UTC 2019 x86_64
libc:glibc 2.27 NPTL 2.27 
rlimit: STACK 8192k, CORE 0k, NPROC 15271, NOFILE 1048576, AS infinity, DATA infinity, FSIZE infinity
load average:39,30 36,37 20,67

/proc/meminfo:
MemTotal:        3953776 kB
MemFree:           88400 kB
MemAvailable:          0 kB
Buffers:             304 kB
Cached:           178140 kB
SwapCached:          292 kB
Active:          2970796 kB
Inactive:         601520 kB
Active(anon):    2965320 kB
Inactive(anon):   592844 kB
Active(file):       5476 kB
Inactive(file):     8676 kB
Unevictable:          64 kB
Mlocked:              64 kB
SwapTotal:       2097148 kB
SwapFree:              0 kB
Dirty:               108 kB
Writeback:           608 kB
AnonPages:       3393956 kB
Mapped:             9728 kB
Shmem:            164144 kB
Slab:             108828 kB
SReclaimable:      42620 kB
SUnreclaim:        66208 kB
KernelStack:       22560 kB
PageTables:        84512 kB
NFS_Unstable:          0 kB
Bounce:                0 kB
WritebackTmp:          0 kB
CommitLimit:     4074036 kB
Committed_AS:   14140964 kB
VmallocTotal:   34359738367 kB
VmallocUsed:           0 kB
VmallocChunk:          0 kB
HardwareCorrupted:     0 kB
AnonHugePages:         0 kB
ShmemHugePages:        0 kB
ShmemPmdMapped:        0 kB
CmaTotal:              0 kB
CmaFree:               0 kB
HugePages_Total:       0
HugePages_Free:        0
HugePages_Rsvd:        0
HugePages_Surp:        0
Hugepagesize:       2048 kB
DirectMap4k:      400128 kB
DirectMap2M:     3708928 kB
DirectMap1G:     1048576 kB


/proc/sys/kernel/threads-max (system-wide limit on the number of threads):
30543


/proc/sys/vm/max_map_count (maximum number of memory map areas a process may have):
65530


/proc/sys/kernel/pid_max (system-wide limit on number of process identifiers):
32768



container (cgroup) information:
container_type: cgroupv1
cpu_cpuset_cpus: 0-3
cpu_memory_nodes: 0
active_processor_count: 4
cpu_quota: -1
cpu_period: 100000
cpu_shares: -1
memory_limit_in_bytes: -1
memory_and_swap_limit_in_bytes: -2
memory_soft_limit_in_bytes: -1
memory_usage_in_bytes: 3656400896
memory_max_usage_in_bytes: 25006080

Steal ticks since vm start: 0
Steal ticks percentage since vm start:  0,000

CPU:total 4 (initial active 4) (2 cores per cpu, 2 threads per core) family 6 model 69 stepping 1, cmov, cx8, fxsr, mmx, sse, sse2, sse3, ssse3, sse4.1, sse4.2, popcnt, avx, avx2, aes, clmul, erms, lzcnt, ht, tsc, tscinvbit, bmi1, bmi2, fma
CPU Model and flags from /proc/cpuinfo:
model name	: Intel(R) Core(TM) i3-4010U CPU @ 1.70GHz
flags		: fpu vme de pse tsc msr pae mce cx8 apic sep mtrr pge mca cmov pat pse36 clflush dts acpi mmx fxsr sse sse2 ss ht tm pbe syscall nx pdpe1gb rdtscp lm constant_tsc arch_perfmon pebs bts rep_good nopl xtopology nonstop_tsc cpuid aperfmperf pni pclmulqdq dtes64 monitor ds_cpl vmx est tm2 ssse3 sdbg fma cx16 xtpr pdcm pcid sse4_1 sse4_2 x2apic movbe popcnt tsc_deadline_timer aes xsave avx f16c rdrand lahf_lm abm cpuid_fault epb invpcid_single pti ssbd ibrs ibpb stibp tpr_shadow vnmi flexpriority ept vpid fsgsbase tsc_adjust bmi1 avx2 smep bmi2 erms invpcid xsaveopt dtherm arat pln pts md_clear flush_l1d

Memory: 4k page, physical 3953776k(88212k free), swap 2097148k(0k free)

vm_info: OpenJDK 64-Bit Server VM (11.0.4+11-post-Ubuntu-1ubuntu218.04.3) for linux-amd64 JRE (11.0.4+11-post-Ubuntu-1ubuntu218.04.3), built on Jul 18 2019 18:21:46 by "buildd" with gcc 7.4.0

END.
